13:20:39.392  INFO  [lib BD_Libros] Qizx 4.4p1 creating new XML Library in C:\Users\1DAW_2223_18\Desktop\Lenguaje\UD6\Actividades\Act4\BD_Libros
13:20:39.392  INFO  [lib BD_Libros] create storage in C:\Users\1DAW_2223_18\Desktop\Lenguaje\UD6\Actividades\Act4\BD_Libros\contents.qdb
13:20:39.392  INFO  [lib BD_Libros] storage created
13:20:39.408  INFO  [lib BD_Libros] library creation done
13:20:59.666  INFO  [lib BD_Libros] commit start BD_Libros (session 1)
13:20:59.682  INFO  [lib BD_Libros] commit 1 on BD_Libros (session 1)
13:20:59.697  INFO  [lib BD_Libros] commit 1 done
13:20:59.697  INFO  [lib BD_Libros] commit end BD_Libros (session 1) -> state: [ 1 ][ 1 2 ]
13:20:59.705  INFO  [lib BD_Libros] sweeper deleted 1/1 metadocs: 5
13:47:22.223  INFO  [lib BD_Libros] commit start BD_Libros (session 1)
13:47:22.223  INFO  [lib BD_Libros] commit 2 on BD_Libros (session 1)
13:47:22.238  INFO  [lib BD_Libros] commit 2 done
13:47:22.238  INFO  [lib BD_Libros] commit end BD_Libros (session 1) -> state: [ 1 2 ][ 1 2 3 ]
13:47:22.238  INFO  [lib BD_Libros] sweeper deleted 1/1 docs: 8 in ms 0.0691
13:47:22.238  INFO  [lib BD_Libros] sweeper deleted 2/2 metadocs: 9, 11
13:50:16.395  INFO  [lib BD_Libros] commit start BD_Libros (session 1)
13:50:16.411  INFO  [lib BD_Libros] commit 3 on BD_Libros (session 1)
13:50:16.411  INFO  [lib BD_Libros] commit 3 done
13:50:16.427  INFO  [lib BD_Libros] commit end BD_Libros (session 1) -> state: [ 1 2 3 ][ 1 2 3 4 ]
13:50:16.427  INFO  [lib BD_Libros] sweeper deleted 1/1 docs: 14 in ms 0.087701
13:50:16.427  INFO  [lib BD_Libros] sweeper deleted 2/2 metadocs: 15, 17
13:52:30.074  INFO  [lib BD_Libros] All sessions closed
13:52:30.074  INFO  [lib BD_Libros] Sweeper stopped
13:52:30.074  INFO  [lib BD_Libros] library closed 
13:54:18.211  INFO  [lib BD_Libros] Library opened by Qizx 4.4p1
13:54:18.211  INFO  [lib BD_Libros]  location C:\Users\1DAW_2223_18\Desktop\Lenguaje\UD6\Actividades\Act4\BD_Libros
13:54:18.211  INFO  [lib BD_Libros]  document storage version=5, lastBId=25, BCount=18, maxA=502
13:59:52.028  INFO  [lib BD_Libros] All sessions closed
13:59:52.029  INFO  [lib BD_Libros] library closed 
14:02:39.175  INFO  [lib BD_Libros] Library opened by Qizx 4.4p1
14:02:39.175  INFO  [lib BD_Libros]  location C:\Users\1DAW_2223_18\Desktop\Lenguaje\UD6\Actividades\Act4\BD_Libros
14:02:39.175  INFO  [lib BD_Libros]  document storage version=5, lastBId=25, BCount=18, maxA=502
14:08:01.274  INFO  [lib BD_Libros] All sessions closed
14:08:01.274  INFO  [lib BD_Libros] library closed 
14:08:19.890  INFO  [lib BD_Libros] Library opened by Qizx 4.4p1
14:08:19.890  INFO  [lib BD_Libros]  location C:\Users\1DAW_2223_18\Desktop\Lenguaje\UD6\Actividades\Act4\BD_Libros
14:08:19.890  INFO  [lib BD_Libros]  document storage version=5, lastBId=25, BCount=18, maxA=502
14:35:52.099  INFO  [lib BD_Libros] All sessions closed
14:35:52.099  INFO  [lib BD_Libros] library closed 
14:38:19.209  INFO  [lib BD_Libros] Library opened by Qizx 4.4p1
14:38:19.209  INFO  [lib BD_Libros]  location C:\Users\1DAW_2223_18\Desktop\Lenguaje\UD6\Actividades\Act4\BD_Libros
14:38:19.209  INFO  [lib BD_Libros]  document storage version=5, lastBId=25, BCount=18, maxA=502
14:39:41.115  INFO  [lib BD_Libros] All sessions closed
14:39:41.115  INFO  [lib BD_Libros] library closed 
